2020-02-03 15:11:55,954 [INFO][main][DruidDataSource.java:785] {dataSource-1} inited
2020-02-03 15:14:06,242 [INFO][main][DruidDataSource.java:785] {dataSource-1} inited
2020-02-03 15:15:52,094 [INFO][main][DruidDataSource.java:785] {dataSource-1} inited
2020-02-03 15:15:55,809 [INFO][main][Xnio.java:104] XNIO version 3.3.8.Final
2020-02-03 15:15:55,834 [INFO][main][NioXnio.java:55] XNIO NIO Implementation Version 3.3.8.Final
2020-02-03 15:21:13,999 [ERROR][XNIO-1 task-88][ErpInterceptor.java:45] 响应错误
redis.clients.jedis.exceptions.JedisConnectionException: Could not get a resource from the pool
	at redis.clients.util.Pool.getResource(Pool.java:53)
	at redis.clients.jedis.JedisPool.getResource(JedisPool.java:226)
	at com.kakarote.crm9.common.config.redis.JedisImpl.getJedis(JedisImpl.java:1304)
	at com.kakarote.crm9.common.config.redis.JedisImpl.get(JedisImpl.java:65)
	at com.kakarote.crm9.common.interceptor.ErpInterceptor.intercept(ErpInterceptor.java:29)
	at com.jfinal.aop.Invocation.invoke(Invocation.java:91)
	at com.jfinal.core.ActionHandler.handle(ActionHandler.java:90)
	at com.jfinal.plugin.druid.DruidStatViewHandler.handle(DruidStatViewHandler.java:81)
	at com.jfinal.core.JFinalFilter.doFilter(JFinalFilter.java:89)
	at io.undertow.servlet.core.ManagedFilter.doFilter(ManagedFilter.java:61)
	at io.undertow.servlet.handlers.FilterHandler$FilterChainImpl.doFilter(FilterHandler.java:131)
	at io.undertow.servlet.handlers.FilterHandler.handleRequest(FilterHandler.java:84)
	at io.undertow.servlet.handlers.security.ServletSecurityRoleHandler.handleRequest(ServletSecurityRoleHandler.java:62)
	at io.undertow.servlet.handlers.ServletChain$1.handleRequest(ServletChain.java:68)
	at io.undertow.servlet.handlers.ServletDispatchingHandler.handleRequest(ServletDispatchingHandler.java:36)
	at io.undertow.servlet.handlers.RedirectDirHandler.handleRequest(RedirectDirHandler.java:68)
	at io.undertow.servlet.handlers.security.SSLInformationAssociationHandler.handleRequest(SSLInformationAssociationHandler.java:132)
	at io.undertow.servlet.handlers.security.ServletAuthenticationCallHandler.handleRequest(ServletAuthenticationCallHandler.java:57)
	at io.undertow.server.handlers.PredicateHandler.handleRequest(PredicateHandler.java:43)
	at io.undertow.security.handlers.AbstractConfidentialityHandler.handleRequest(AbstractConfidentialityHandler.java:46)
	at io.undertow.servlet.handlers.security.ServletConfidentialityConstraintHandler.handleRequest(ServletConfidentialityConstraintHandler.java:64)
	at io.undertow.security.handlers.AuthenticationMechanismsHandler.handleRequest(AuthenticationMechanismsHandler.java:60)
	at io.undertow.servlet.handlers.security.CachedAuthenticatedSessionHandler.handleRequest(CachedAuthenticatedSessionHandler.java:77)
	at io.undertow.security.handlers.AbstractSecurityContextAssociationHandler.handleRequest(AbstractSecurityContextAssociationHandler.java:43)
	at io.undertow.server.handlers.PredicateHandler.handleRequest(PredicateHandler.java:43)
	at io.undertow.server.handlers.PredicateHandler.handleRequest(PredicateHandler.java:43)
	at io.undertow.servlet.handlers.SessionRestoringHandler.handleRequest(SessionRestoringHandler.java:119)
	at io.undertow.servlet.handlers.ServletInitialHandler.handleFirstRequest(ServletInitialHandler.java:269)
	at io.undertow.servlet.handlers.ServletInitialHandler.access$100(ServletInitialHandler.java:78)
	at io.undertow.servlet.handlers.ServletInitialHandler$2.call(ServletInitialHandler.java:133)
	at io.undertow.servlet.handlers.ServletInitialHandler$2.call(ServletInitialHandler.java:130)
	at io.undertow.servlet.core.ServletRequestContextThreadSetupAction$1.call(ServletRequestContextThreadSetupAction.java:48)
	at io.undertow.servlet.core.ContextClassLoaderSetupAction$1.call(ContextClassLoaderSetupAction.java:43)
	at io.undertow.servlet.handlers.ServletInitialHandler.dispatchRequest(ServletInitialHandler.java:249)
	at io.undertow.servlet.handlers.ServletInitialHandler.access$000(ServletInitialHandler.java:78)
	at io.undertow.servlet.handlers.ServletInitialHandler$1.handleRequest(ServletInitialHandler.java:99)
	at io.undertow.server.Connectors.executeRootHandler(Connectors.java:376)
	at io.undertow.server.HttpServerExchange$1.run(HttpServerExchange.java:830)
	at java.util.concurrent.ThreadPoolExecutor.runWorker(ThreadPoolExecutor.java:1142)
	at java.util.concurrent.ThreadPoolExecutor$Worker.run(ThreadPoolExecutor.java:617)
	at java.lang.Thread.run(Thread.java:745)
Caused by: redis.clients.jedis.exceptions.JedisConnectionException: java.net.ConnectException: Connection refused: connect
	at redis.clients.jedis.Connection.connect(Connection.java:207)
	at redis.clients.jedis.BinaryClient.connect(BinaryClient.java:93)
	at redis.clients.jedis.BinaryJedis.connect(BinaryJedis.java:1767)
	at redis.clients.jedis.JedisFactory.makeObject(JedisFactory.java:106)
	at org.apache.commons.pool2.impl.GenericObjectPool.create(GenericObjectPool.java:868)
	at org.apache.commons.pool2.impl.GenericObjectPool.borrowObject(GenericObjectPool.java:435)
	at org.apache.commons.pool2.impl.GenericObjectPool.borrowObject(GenericObjectPool.java:363)
	at redis.clients.util.Pool.getResource(Pool.java:49)
	... 40 more
Caused by: java.net.ConnectException: Connection refused: connect
	at java.net.DualStackPlainSocketImpl.waitForConnect(Native Method)
	at java.net.DualStackPlainSocketImpl.socketConnect(DualStackPlainSocketImpl.java:85)
	at java.net.AbstractPlainSocketImpl.doConnect(AbstractPlainSocketImpl.java:350)
	at java.net.AbstractPlainSocketImpl.connectToAddress(AbstractPlainSocketImpl.java:206)
	at java.net.AbstractPlainSocketImpl.connect(AbstractPlainSocketImpl.java:188)
	at java.net.PlainSocketImpl.connect(PlainSocketImpl.java:172)
	at java.net.SocksSocketImpl.connect(SocksSocketImpl.java:392)
	at java.net.Socket.connect(Socket.java:589)
	at redis.clients.jedis.Connection.connect(Connection.java:184)
	... 47 more
2020-02-03 15:21:13,999 [ERROR][XNIO-1 task-87][ErpInterceptor.java:45] 响应错误
redis.clients.jedis.exceptions.JedisConnectionException: Could not get a resource from the pool
	at redis.clients.util.Pool.getResource(Pool.java:53)
	at redis.clients.jedis.JedisPool.getResource(JedisPool.java:226)
	at com.kakarote.crm9.common.config.redis.JedisImpl.getJedis(JedisImpl.java:1304)
	at com.kakarote.crm9.common.config.redis.JedisImpl.get(JedisImpl.java:65)
	at com.kakarote.crm9.common.interceptor.ErpInterceptor.intercept(ErpInterceptor.java:29)
	at com.jfinal.aop.Invocation.invoke(Invocation.java:91)
	at com.jfinal.core.ActionHandler.handle(ActionHandler.java:90)
	at com.jfinal.plugin.druid.DruidStatViewHandler.handle(DruidStatViewHandler.java:81)
	at com.jfinal.core.JFinalFilter.doFilter(JFinalFilter.java:89)
	at io.undertow.servlet.core.ManagedFilter.doFilter(ManagedFilter.java:61)
	at io.undertow.servlet.handlers.FilterHandler$FilterChainImpl.doFilter(FilterHandler.java:131)
	at io.undertow.servlet.handlers.FilterHandler.handleRequest(FilterHandler.java:84)
	at io.undertow.servlet.handlers.security.ServletSecurityRoleHandler.handleRequest(ServletSecurityRoleHandler.java:62)
	at io.undertow.servlet.handlers.ServletChain$1.handleRequest(ServletChain.java:68)
	at io.undertow.servlet.handlers.ServletDispatchingHandler.handleRequest(ServletDispatchingHandler.java:36)
	at io.undertow.servlet.handlers.RedirectDirHandler.handleRequest(RedirectDirHandler.java:68)
	at io.undertow.servlet.handlers.security.SSLInformationAssociationHandler.handleRequest(SSLInformationAssociationHandler.java:132)
	at io.undertow.servlet.handlers.security.ServletAuthenticationCallHandler.handleRequest(ServletAuthenticationCallHandler.java:57)
	at io.undertow.server.handlers.PredicateHandler.handleRequest(PredicateHandler.java:43)
	at io.undertow.security.handlers.AbstractConfidentialityHandler.handleRequest(AbstractConfidentialityHandler.java:46)
	at io.undertow.servlet.handlers.security.ServletConfidentialityConstraintHandler.handleRequest(ServletConfidentialityConstraintHandler.java:64)
	at io.undertow.security.handlers.AuthenticationMechanismsHandler.handleRequest(AuthenticationMechanismsHandler.java:60)
	at io.undertow.servlet.handlers.security.CachedAuthenticatedSessionHandler.handleRequest(CachedAuthenticatedSessionHandler.java:77)
	at io.undertow.security.handlers.AbstractSecurityContextAssociationHandler.handleRequest(AbstractSecurityContextAssociationHandler.java:43)
	at io.undertow.server.handlers.PredicateHandler.handleRequest(PredicateHandler.java:43)
	at io.undertow.server.handlers.PredicateHandler.handleRequest(PredicateHandler.java:43)
	at io.undertow.servlet.handlers.SessionRestoringHandler.handleRequest(SessionRestoringHandler.java:119)
	at io.undertow.servlet.handlers.ServletInitialHandler.handleFirstRequest(ServletInitialHandler.java:269)
	at io.undertow.servlet.handlers.ServletInitialHandler.access$100(ServletInitialHandler.java:78)
	at io.undertow.servlet.handlers.ServletInitialHandler$2.call(ServletInitialHandler.java:133)
	at io.undertow.servlet.handlers.ServletInitialHandler$2.call(ServletInitialHandler.java:130)
	at io.undertow.servlet.core.ServletRequestContextThreadSetupAction$1.call(ServletRequestContextThreadSetupAction.java:48)
	at io.undertow.servlet.core.ContextClassLoaderSetupAction$1.call(ContextClassLoaderSetupAction.java:43)
	at io.undertow.servlet.handlers.ServletInitialHandler.dispatchRequest(ServletInitialHandler.java:249)
	at io.undertow.servlet.handlers.ServletInitialHandler.access$000(ServletInitialHandler.java:78)
	at io.undertow.servlet.handlers.ServletInitialHandler$1.handleRequest(ServletInitialHandler.java:99)
	at io.undertow.server.Connectors.executeRootHandler(Connectors.java:376)
	at io.undertow.server.HttpServerExchange$1.run(HttpServerExchange.java:830)
	at java.util.concurrent.ThreadPoolExecutor.runWorker(ThreadPoolExecutor.java:1142)
	at java.util.concurrent.ThreadPoolExecutor$Worker.run(ThreadPoolExecutor.java:617)
	at java.lang.Thread.run(Thread.java:745)
Caused by: redis.clients.jedis.exceptions.JedisConnectionException: java.net.ConnectException: Connection refused: connect
	at redis.clients.jedis.Connection.connect(Connection.java:207)
	at redis.clients.jedis.BinaryClient.connect(BinaryClient.java:93)
	at redis.clients.jedis.BinaryJedis.connect(BinaryJedis.java:1767)
	at redis.clients.jedis.JedisFactory.makeObject(JedisFactory.java:106)
	at org.apache.commons.pool2.impl.GenericObjectPool.create(GenericObjectPool.java:868)
	at org.apache.commons.pool2.impl.GenericObjectPool.borrowObject(GenericObjectPool.java:435)
	at org.apache.commons.pool2.impl.GenericObjectPool.borrowObject(GenericObjectPool.java:363)
	at redis.clients.util.Pool.getResource(Pool.java:49)
	... 40 more
Caused by: java.net.ConnectException: Connection refused: connect
	at java.net.DualStackPlainSocketImpl.waitForConnect(Native Method)
	at java.net.DualStackPlainSocketImpl.socketConnect(DualStackPlainSocketImpl.java:85)
	at java.net.AbstractPlainSocketImpl.doConnect(AbstractPlainSocketImpl.java:350)
	at java.net.AbstractPlainSocketImpl.connectToAddress(AbstractPlainSocketImpl.java:206)
	at java.net.AbstractPlainSocketImpl.connect(AbstractPlainSocketImpl.java:188)
	at java.net.PlainSocketImpl.connect(PlainSocketImpl.java:172)
	at java.net.SocksSocketImpl.connect(SocksSocketImpl.java:392)
	at java.net.Socket.connect(Socket.java:589)
	at redis.clients.jedis.Connection.connect(Connection.java:184)
	... 47 more
2020-02-03 15:21:16,715 [ERROR][XNIO-1 task-89][ErpInterceptor.java:45] 响应错误
redis.clients.jedis.exceptions.JedisConnectionException: Could not get a resource from the pool
	at redis.clients.util.Pool.getResource(Pool.java:53)
	at redis.clients.jedis.JedisPool.getResource(JedisPool.java:226)
	at com.kakarote.crm9.common.config.redis.JedisImpl.getJedis(JedisImpl.java:1304)
	at com.kakarote.crm9.common.config.redis.JedisImpl.get(JedisImpl.java:65)
	at com.kakarote.crm9.common.interceptor.ErpInterceptor.intercept(ErpInterceptor.java:29)
	at com.jfinal.aop.Invocation.invoke(Invocation.java:91)
	at com.jfinal.core.ActionHandler.handle(ActionHandler.java:90)
	at com.jfinal.plugin.druid.DruidStatViewHandler.handle(DruidStatViewHandler.java:81)
	at com.jfinal.core.JFinalFilter.doFilter(JFinalFilter.java:89)
	at io.undertow.servlet.core.ManagedFilter.doFilter(ManagedFilter.java:61)
	at io.undertow.servlet.handlers.FilterHandler$FilterChainImpl.doFilter(FilterHandler.java:131)
	at io.undertow.servlet.handlers.FilterHandler.handleRequest(FilterHandler.java:84)
	at io.undertow.servlet.handlers.security.ServletSecurityRoleHandler.handleRequest(ServletSecurityRoleHandler.java:62)
	at io.undertow.servlet.handlers.ServletChain$1.handleRequest(ServletChain.java:68)
	at io.undertow.servlet.handlers.ServletDispatchingHandler.handleRequest(ServletDispatchingHandler.java:36)
	at io.undertow.servlet.handlers.RedirectDirHandler.handleRequest(RedirectDirHandler.java:68)
	at io.undertow.servlet.handlers.security.SSLInformationAssociationHandler.handleRequest(SSLInformationAssociationHandler.java:132)
	at io.undertow.servlet.handlers.security.ServletAuthenticationCallHandler.handleRequest(ServletAuthenticationCallHandler.java:57)
	at io.undertow.server.handlers.PredicateHandler.handleRequest(PredicateHandler.java:43)
	at io.undertow.security.handlers.AbstractConfidentialityHandler.handleRequest(AbstractConfidentialityHandler.java:46)
	at io.undertow.servlet.handlers.security.ServletConfidentialityConstraintHandler.handleRequest(ServletConfidentialityConstraintHandler.java:64)
	at io.undertow.security.handlers.AuthenticationMechanismsHandler.handleRequest(AuthenticationMechanismsHandler.java:60)
	at io.undertow.servlet.handlers.security.CachedAuthenticatedSessionHandler.handleRequest(CachedAuthenticatedSessionHandler.java:77)
	at io.undertow.security.handlers.AbstractSecurityContextAssociationHandler.handleRequest(AbstractSecurityContextAssociationHandler.java:43)
	at io.undertow.server.handlers.PredicateHandler.handleRequest(PredicateHandler.java:43)
	at io.undertow.server.handlers.PredicateHandler.handleRequest(PredicateHandler.java:43)
	at io.undertow.servlet.handlers.SessionRestoringHandler.handleRequest(SessionRestoringHandler.java:119)
	at io.undertow.servlet.handlers.ServletInitialHandler.handleFirstRequest(ServletInitialHandler.java:269)
	at io.undertow.servlet.handlers.ServletInitialHandler.access$100(ServletInitialHandler.java:78)
	at io.undertow.servlet.handlers.ServletInitialHandler$2.call(ServletInitialHandler.java:133)
	at io.undertow.servlet.handlers.ServletInitialHandler$2.call(ServletInitialHandler.java:130)
	at io.undertow.servlet.core.ServletRequestContextThreadSetupAction$1.call(ServletRequestContextThreadSetupAction.java:48)
	at io.undertow.servlet.core.ContextClassLoaderSetupAction$1.call(ContextClassLoaderSetupAction.java:43)
	at io.undertow.servlet.handlers.ServletInitialHandler.dispatchRequest(ServletInitialHandler.java:249)
	at io.undertow.servlet.handlers.ServletInitialHandler.access$000(ServletInitialHandler.java:78)
	at io.undertow.servlet.handlers.ServletInitialHandler$1.handleRequest(ServletInitialHandler.java:99)
	at io.undertow.server.Connectors.executeRootHandler(Connectors.java:376)
	at io.undertow.server.HttpServerExchange$1.run(HttpServerExchange.java:830)
	at java.util.concurrent.ThreadPoolExecutor.runWorker(ThreadPoolExecutor.java:1142)
	at java.util.concurrent.ThreadPoolExecutor$Worker.run(ThreadPoolExecutor.java:617)
	at java.lang.Thread.run(Thread.java:745)
Caused by: redis.clients.jedis.exceptions.JedisConnectionException: java.net.ConnectException: Connection refused: connect
	at redis.clients.jedis.Connection.connect(Connection.java:207)
	at redis.clients.jedis.BinaryClient.connect(BinaryClient.java:93)
	at redis.clients.jedis.BinaryJedis.connect(BinaryJedis.java:1767)
	at redis.clients.jedis.JedisFactory.makeObject(JedisFactory.java:106)
	at org.apache.commons.pool2.impl.GenericObjectPool.create(GenericObjectPool.java:868)
	at org.apache.commons.pool2.impl.GenericObjectPool.borrowObject(GenericObjectPool.java:435)
	at org.apache.commons.pool2.impl.GenericObjectPool.borrowObject(GenericObjectPool.java:363)
	at redis.clients.util.Pool.getResource(Pool.java:49)
	... 40 more
Caused by: java.net.ConnectException: Connection refused: connect
	at java.net.DualStackPlainSocketImpl.waitForConnect(Native Method)
	at java.net.DualStackPlainSocketImpl.socketConnect(DualStackPlainSocketImpl.java:85)
	at java.net.AbstractPlainSocketImpl.doConnect(AbstractPlainSocketImpl.java:350)
	at java.net.AbstractPlainSocketImpl.connectToAddress(AbstractPlainSocketImpl.java:206)
	at java.net.AbstractPlainSocketImpl.connect(AbstractPlainSocketImpl.java:188)
	at java.net.PlainSocketImpl.connect(PlainSocketImpl.java:172)
	at java.net.SocksSocketImpl.connect(SocksSocketImpl.java:392)
	at java.net.Socket.connect(Socket.java:589)
	at redis.clients.jedis.Connection.connect(Connection.java:184)
	... 47 more
2020-02-03 15:21:16,717 [ERROR][XNIO-1 task-90][ErpInterceptor.java:45] 响应错误
redis.clients.jedis.exceptions.JedisConnectionException: Could not get a resource from the pool
	at redis.clients.util.Pool.getResource(Pool.java:53)
	at redis.clients.jedis.JedisPool.getResource(JedisPool.java:226)
	at com.kakarote.crm9.common.config.redis.JedisImpl.getJedis(JedisImpl.java:1304)
	at com.kakarote.crm9.common.config.redis.JedisImpl.get(JedisImpl.java:65)
	at com.kakarote.crm9.common.interceptor.ErpInterceptor.intercept(ErpInterceptor.java:29)
	at com.jfinal.aop.Invocation.invoke(Invocation.java:91)
	at com.jfinal.core.ActionHandler.handle(ActionHandler.java:90)
	at com.jfinal.plugin.druid.DruidStatViewHandler.handle(DruidStatViewHandler.java:81)
	at com.jfinal.core.JFinalFilter.doFilter(JFinalFilter.java:89)
	at io.undertow.servlet.core.ManagedFilter.doFilter(ManagedFilter.java:61)
	at io.undertow.servlet.handlers.FilterHandler$FilterChainImpl.doFilter(FilterHandler.java:131)
	at io.undertow.servlet.handlers.FilterHandler.handleRequest(FilterHandler.java:84)
	at io.undertow.servlet.handlers.security.ServletSecurityRoleHandler.handleRequest(ServletSecurityRoleHandler.java:62)
	at io.undertow.servlet.handlers.ServletChain$1.handleRequest(ServletChain.java:68)
	at io.undertow.servlet.handlers.ServletDispatchingHandler.handleRequest(ServletDispatchingHandler.java:36)
	at io.undertow.servlet.handlers.RedirectDirHandler.handleRequest(RedirectDirHandler.java:68)
	at io.undertow.servlet.handlers.security.SSLInformationAssociationHandler.handleRequest(SSLInformationAssociationHandler.java:132)
	at io.undertow.servlet.handlers.security.ServletAuthenticationCallHandler.handleRequest(ServletAuthenticationCallHandler.java:57)
	at io.undertow.server.handlers.PredicateHandler.handleRequest(PredicateHandler.java:43)
	at io.undertow.security.handlers.AbstractConfidentialityHandler.handleRequest(AbstractConfidentialityHandler.java:46)
	at io.undertow.servlet.handlers.security.ServletConfidentialityConstraintHandler.handleRequest(ServletConfidentialityConstraintHandler.java:64)
	at io.undertow.security.handlers.AuthenticationMechanismsHandler.handleRequest(AuthenticationMechanismsHandler.java:60)
	at io.undertow.servlet.handlers.security.CachedAuthenticatedSessionHandler.handleRequest(CachedAuthenticatedSessionHandler.java:77)
	at io.undertow.security.handlers.AbstractSecurityContextAssociationHandler.handleRequest(AbstractSecurityContextAssociationHandler.java:43)
	at io.undertow.server.handlers.PredicateHandler.handleRequest(PredicateHandler.java:43)
	at io.undertow.server.handlers.PredicateHandler.handleRequest(PredicateHandler.java:43)
	at io.undertow.servlet.handlers.SessionRestoringHandler.handleRequest(SessionRestoringHandler.java:119)
	at io.undertow.servlet.handlers.ServletInitialHandler.handleFirstRequest(ServletInitialHandler.java:269)
	at io.undertow.servlet.handlers.ServletInitialHandler.access$100(ServletInitialHandler.java:78)
	at io.undertow.servlet.handlers.ServletInitialHandler$2.call(ServletInitialHandler.java:133)
	at io.undertow.servlet.handlers.ServletInitialHandler$2.call(ServletInitialHandler.java:130)
	at io.undertow.servlet.core.ServletRequestContextThreadSetupAction$1.call(ServletRequestContextThreadSetupAction.java:48)
	at io.undertow.servlet.core.ContextClassLoaderSetupAction$1.call(ContextClassLoaderSetupAction.java:43)
	at io.undertow.servlet.handlers.ServletInitialHandler.dispatchRequest(ServletInitialHandler.java:249)
	at io.undertow.servlet.handlers.ServletInitialHandler.access$000(ServletInitialHandler.java:78)
	at io.undertow.servlet.handlers.ServletInitialHandler$1.handleRequest(ServletInitialHandler.java:99)
	at io.undertow.server.Connectors.executeRootHandler(Connectors.java:376)
	at io.undertow.server.HttpServerExchange$1.run(HttpServerExchange.java:830)
	at java.util.concurrent.ThreadPoolExecutor.runWorker(ThreadPoolExecutor.java:1142)
	at java.util.concurrent.ThreadPoolExecutor$Worker.run(ThreadPoolExecutor.java:617)
	at java.lang.Thread.run(Thread.java:745)
Caused by: redis.clients.jedis.exceptions.JedisConnectionException: java.net.ConnectException: Connection refused: connect
	at redis.clients.jedis.Connection.connect(Connection.java:207)
	at redis.clients.jedis.BinaryClient.connect(BinaryClient.java:93)
	at redis.clients.jedis.BinaryJedis.connect(BinaryJedis.java:1767)
	at redis.clients.jedis.JedisFactory.makeObject(JedisFactory.java:106)
	at org.apache.commons.pool2.impl.GenericObjectPool.create(GenericObjectPool.java:868)
	at org.apache.commons.pool2.impl.GenericObjectPool.borrowObject(GenericObjectPool.java:435)
	at org.apache.commons.pool2.impl.GenericObjectPool.borrowObject(GenericObjectPool.java:363)
	at redis.clients.util.Pool.getResource(Pool.java:49)
	... 40 more
Caused by: java.net.ConnectException: Connection refused: connect
	at java.net.DualStackPlainSocketImpl.waitForConnect(Native Method)
	at java.net.DualStackPlainSocketImpl.socketConnect(DualStackPlainSocketImpl.java:85)
	at java.net.AbstractPlainSocketImpl.doConnect(AbstractPlainSocketImpl.java:350)
	at java.net.AbstractPlainSocketImpl.connectToAddress(AbstractPlainSocketImpl.java:206)
	at java.net.AbstractPlainSocketImpl.connect(AbstractPlainSocketImpl.java:188)
	at java.net.PlainSocketImpl.connect(PlainSocketImpl.java:172)
	at java.net.SocksSocketImpl.connect(SocksSocketImpl.java:392)
	at java.net.Socket.connect(Socket.java:589)
	at redis.clients.jedis.Connection.connect(Connection.java:184)
	... 47 more
2020-02-03 15:21:19,332 [ERROR][XNIO-1 task-91][ActionHandler.java:123] com.kakarote.crm9.erp.admin.controller.AdminLoginController.logout() : /logout
redis.clients.jedis.exceptions.JedisConnectionException: Could not get a resource from the pool
	at redis.clients.util.Pool.getResource(Pool.java:53)
	at redis.clients.jedis.JedisPool.getResource(JedisPool.java:226)
	at com.kakarote.crm9.common.config.redis.JedisImpl.getJedis(JedisImpl.java:1304)
	at com.kakarote.crm9.common.config.redis.JedisImpl.del(JedisImpl.java:79)
	at com.kakarote.crm9.erp.admin.controller.AdminLoginController.logout(AdminLoginController.java:105)
	at sun.reflect.NativeMethodAccessorImpl.invoke0(Native Method)
	at sun.reflect.NativeMethodAccessorImpl.invoke(NativeMethodAccessorImpl.java:62)
	at sun.reflect.DelegatingMethodAccessorImpl.invoke(DelegatingMethodAccessorImpl.java:43)
	at java.lang.reflect.Method.invoke(Method.java:498)
	at com.jfinal.aop.Invocation.invoke(Invocation.java:97)
	at com.jfinal.core.ActionHandler.handle(ActionHandler.java:90)
	at com.jfinal.plugin.druid.DruidStatViewHandler.handle(DruidStatViewHandler.java:81)
	at com.jfinal.core.JFinalFilter.doFilter(JFinalFilter.java:89)
	at io.undertow.servlet.core.ManagedFilter.doFilter(ManagedFilter.java:61)
	at io.undertow.servlet.handlers.FilterHandler$FilterChainImpl.doFilter(FilterHandler.java:131)
	at io.undertow.servlet.handlers.FilterHandler.handleRequest(FilterHandler.java:84)
	at io.undertow.servlet.handlers.security.ServletSecurityRoleHandler.handleRequest(ServletSecurityRoleHandler.java:62)
	at io.undertow.servlet.handlers.ServletChain$1.handleRequest(ServletChain.java:68)
	at io.undertow.servlet.handlers.ServletDispatchingHandler.handleRequest(ServletDispatchingHandler.java:36)
	at io.undertow.servlet.handlers.RedirectDirHandler.handleRequest(RedirectDirHandler.java:68)
	at io.undertow.servlet.handlers.security.SSLInformationAssociationHandler.handleRequest(SSLInformationAssociationHandler.java:132)
	at io.undertow.servlet.handlers.security.ServletAuthenticationCallHandler.handleRequest(ServletAuthenticationCallHandler.java:57)
	at io.undertow.server.handlers.PredicateHandler.handleRequest(PredicateHandler.java:43)
	at io.undertow.security.handlers.AbstractConfidentialityHandler.handleRequest(AbstractConfidentialityHandler.java:46)
	at io.undertow.servlet.handlers.security.ServletConfidentialityConstraintHandler.handleRequest(ServletConfidentialityConstraintHandler.java:64)
	at io.undertow.security.handlers.AuthenticationMechanismsHandler.handleRequest(AuthenticationMechanismsHandler.java:60)
	at io.undertow.servlet.handlers.security.CachedAuthenticatedSessionHandler.handleRequest(CachedAuthenticatedSessionHandler.java:77)
	at io.undertow.security.handlers.AbstractSecurityContextAssociationHandler.handleRequest(AbstractSecurityContextAssociationHandler.java:43)
	at io.undertow.server.handlers.PredicateHandler.handleRequest(PredicateHandler.java:43)
	at io.undertow.server.handlers.PredicateHandler.handleRequest(PredicateHandler.java:43)
	at io.undertow.servlet.handlers.SessionRestoringHandler.handleRequest(SessionRestoringHandler.java:119)
	at io.undertow.servlet.handlers.ServletInitialHandler.handleFirstRequest(ServletInitialHandler.java:269)
	at io.undertow.servlet.handlers.ServletInitialHandler.access$100(ServletInitialHandler.java:78)
	at io.undertow.servlet.handlers.ServletInitialHandler$2.call(ServletInitialHandler.java:133)
	at io.undertow.servlet.handlers.ServletInitialHandler$2.call(ServletInitialHandler.java:130)
	at io.undertow.servlet.core.ServletRequestContextThreadSetupAction$1.call(ServletRequestContextThreadSetupAction.java:48)
	at io.undertow.servlet.core.ContextClassLoaderSetupAction$1.call(ContextClassLoaderSetupAction.java:43)
	at io.undertow.servlet.handlers.ServletInitialHandler.dispatchRequest(ServletInitialHandler.java:249)
	at io.undertow.servlet.handlers.ServletInitialHandler.access$000(ServletInitialHandler.java:78)
	at io.undertow.servlet.handlers.ServletInitialHandler$1.handleRequest(ServletInitialHandler.java:99)
	at io.undertow.server.Connectors.executeRootHandler(Connectors.java:376)
	at io.undertow.server.HttpServerExchange$1.run(HttpServerExchange.java:830)
	at java.util.concurrent.ThreadPoolExecutor.runWorker(ThreadPoolExecutor.java:1142)
	at java.util.concurrent.ThreadPoolExecutor$Worker.run(ThreadPoolExecutor.java:617)
	at java.lang.Thread.run(Thread.java:745)
Caused by: redis.clients.jedis.exceptions.JedisConnectionException: java.net.ConnectException: Connection refused: connect
	at redis.clients.jedis.Connection.connect(Connection.java:207)
	at redis.clients.jedis.BinaryClient.connect(BinaryClient.java:93)
	at redis.clients.jedis.BinaryJedis.connect(BinaryJedis.java:1767)
	at redis.clients.jedis.JedisFactory.makeObject(JedisFactory.java:106)
	at org.apache.commons.pool2.impl.GenericObjectPool.create(GenericObjectPool.java:868)
	at org.apache.commons.pool2.impl.GenericObjectPool.borrowObject(GenericObjectPool.java:435)
	at org.apache.commons.pool2.impl.GenericObjectPool.borrowObject(GenericObjectPool.java:363)
	at redis.clients.util.Pool.getResource(Pool.java:49)
	... 44 more
Caused by: java.net.ConnectException: Connection refused: connect
	at java.net.DualStackPlainSocketImpl.waitForConnect(Native Method)
	at java.net.DualStackPlainSocketImpl.socketConnect(DualStackPlainSocketImpl.java:85)
	at java.net.AbstractPlainSocketImpl.doConnect(AbstractPlainSocketImpl.java:350)
	at java.net.AbstractPlainSocketImpl.connectToAddress(AbstractPlainSocketImpl.java:206)
	at java.net.AbstractPlainSocketImpl.connect(AbstractPlainSocketImpl.java:188)
	at java.net.PlainSocketImpl.connect(PlainSocketImpl.java:172)
	at java.net.SocksSocketImpl.connect(SocksSocketImpl.java:392)
	at java.net.Socket.connect(Socket.java:589)
	at redis.clients.jedis.Connection.connect(Connection.java:184)
	... 51 more
2020-02-03 15:21:25,217 [ERROR][XNIO-1 task-100][ErpInterceptor.java:45] 响应错误
redis.clients.jedis.exceptions.JedisConnectionException: Could not get a resource from the pool
	at redis.clients.util.Pool.getResource(Pool.java:53)
	at redis.clients.jedis.JedisPool.getResource(JedisPool.java:226)
	at com.kakarote.crm9.common.config.redis.JedisImpl.getJedis(JedisImpl.java:1304)
	at com.kakarote.crm9.common.config.redis.JedisImpl.get(JedisImpl.java:65)
	at com.kakarote.crm9.common.interceptor.ErpInterceptor.intercept(ErpInterceptor.java:29)
	at com.jfinal.aop.Invocation.invoke(Invocation.java:91)
	at com.jfinal.core.ActionHandler.handle(ActionHandler.java:90)
	at com.jfinal.plugin.druid.DruidStatViewHandler.handle(DruidStatViewHandler.java:81)
	at com.jfinal.core.JFinalFilter.doFilter(JFinalFilter.java:89)
	at io.undertow.servlet.core.ManagedFilter.doFilter(ManagedFilter.java:61)
	at io.undertow.servlet.handlers.FilterHandler$FilterChainImpl.doFilter(FilterHandler.java:131)
	at io.undertow.servlet.handlers.FilterHandler.handleRequest(FilterHandler.java:84)
	at io.undertow.servlet.handlers.security.ServletSecurityRoleHandler.handleRequest(ServletSecurityRoleHandler.java:62)
	at io.undertow.servlet.handlers.ServletChain$1.handleRequest(ServletChain.java:68)
	at io.undertow.servlet.handlers.ServletDispatchingHandler.handleRequest(ServletDispatchingHandler.java:36)
	at io.undertow.servlet.handlers.RedirectDirHandler.handleRequest(RedirectDirHandler.java:68)
	at io.undertow.servlet.handlers.security.SSLInformationAssociationHandler.handleRequest(SSLInformationAssociationHandler.java:132)
	at io.undertow.servlet.handlers.security.ServletAuthenticationCallHandler.handleRequest(ServletAuthenticationCallHandler.java:57)
	at io.undertow.server.handlers.PredicateHandler.handleRequest(PredicateHandler.java:43)
	at io.undertow.security.handlers.AbstractConfidentialityHandler.handleRequest(AbstractConfidentialityHandler.java:46)
	at io.undertow.servlet.handlers.security.ServletConfidentialityConstraintHandler.handleRequest(ServletConfidentialityConstraintHandler.java:64)
	at io.undertow.security.handlers.AuthenticationMechanismsHandler.handleRequest(AuthenticationMechanismsHandler.java:60)
	at io.undertow.servlet.handlers.security.CachedAuthenticatedSessionHandler.handleRequest(CachedAuthenticatedSessionHandler.java:77)
	at io.undertow.security.handlers.AbstractSecurityContextAssociationHandler.handleRequest(AbstractSecurityContextAssociationHandler.java:43)
	at io.undertow.server.handlers.PredicateHandler.handleRequest(PredicateHandler.java:43)
	at io.undertow.server.handlers.PredicateHandler.handleRequest(PredicateHandler.java:43)
	at io.undertow.servlet.handlers.SessionRestoringHandler.handleRequest(SessionRestoringHandler.java:119)
	at io.undertow.servlet.handlers.ServletInitialHandler.handleFirstRequest(ServletInitialHandler.java:269)
	at io.undertow.servlet.handlers.ServletInitialHandler.access$100(ServletInitialHandler.java:78)
	at io.undertow.servlet.handlers.ServletInitialHandler$2.call(ServletInitialHandler.java:133)
	at io.undertow.servlet.handlers.ServletInitialHandler$2.call(ServletInitialHandler.java:130)
	at io.undertow.servlet.core.ServletRequestContextThreadSetupAction$1.call(ServletRequestContextThreadSetupAction.java:48)
	at io.undertow.servlet.core.ContextClassLoaderSetupAction$1.call(ContextClassLoaderSetupAction.java:43)
	at io.undertow.servlet.handlers.ServletInitialHandler.dispatchRequest(ServletInitialHandler.java:249)
	at io.undertow.servlet.handlers.ServletInitialHandler.access$000(ServletInitialHandler.java:78)
	at io.undertow.servlet.handlers.ServletInitialHandler$1.handleRequest(ServletInitialHandler.java:99)
	at io.undertow.server.Connectors.executeRootHandler(Connectors.java:376)
	at io.undertow.server.HttpServerExchange$1.run(HttpServerExchange.java:830)
	at java.util.concurrent.ThreadPoolExecutor.runWorker(ThreadPoolExecutor.java:1142)
	at java.util.concurrent.ThreadPoolExecutor$Worker.run(ThreadPoolExecutor.java:617)
	at java.lang.Thread.run(Thread.java:745)
Caused by: redis.clients.jedis.exceptions.JedisConnectionException: java.net.ConnectException: Connection refused: connect
	at redis.clients.jedis.Connection.connect(Connection.java:207)
	at redis.clients.jedis.BinaryClient.connect(BinaryClient.java:93)
	at redis.clients.jedis.BinaryJedis.connect(BinaryJedis.java:1767)
	at redis.clients.jedis.JedisFactory.makeObject(JedisFactory.java:106)
	at org.apache.commons.pool2.impl.GenericObjectPool.create(GenericObjectPool.java:868)
	at org.apache.commons.pool2.impl.GenericObjectPool.borrowObject(GenericObjectPool.java:435)
	at org.apache.commons.pool2.impl.GenericObjectPool.borrowObject(GenericObjectPool.java:363)
	at redis.clients.util.Pool.getResource(Pool.java:49)
	... 40 more
Caused by: java.net.ConnectException: Connection refused: connect
	at java.net.DualStackPlainSocketImpl.waitForConnect(Native Method)
	at java.net.DualStackPlainSocketImpl.socketConnect(DualStackPlainSocketImpl.java:85)
	at java.net.AbstractPlainSocketImpl.doConnect(AbstractPlainSocketImpl.java:350)
	at java.net.AbstractPlainSocketImpl.connectToAddress(AbstractPlainSocketImpl.java:206)
	at java.net.AbstractPlainSocketImpl.connect(AbstractPlainSocketImpl.java:188)
	at java.net.PlainSocketImpl.connect(PlainSocketImpl.java:172)
	at java.net.SocksSocketImpl.connect(SocksSocketImpl.java:392)
	at java.net.Socket.connect(Socket.java:589)
	at redis.clients.jedis.Connection.connect(Connection.java:184)
	... 47 more
2020-02-03 15:21:25,217 [ERROR][XNIO-1 task-101][ErpInterceptor.java:45] 响应错误
redis.clients.jedis.exceptions.JedisConnectionException: Could not get a resource from the pool
	at redis.clients.util.Pool.getResource(Pool.java:53)
	at redis.clients.jedis.JedisPool.getResource(JedisPool.java:226)
	at com.kakarote.crm9.common.config.redis.JedisImpl.getJedis(JedisImpl.java:1304)
	at com.kakarote.crm9.common.config.redis.JedisImpl.get(JedisImpl.java:65)
	at com.kakarote.crm9.common.interceptor.ErpInterceptor.intercept(ErpInterceptor.java:29)
	at com.jfinal.aop.Invocation.invoke(Invocation.java:91)
	at com.jfinal.core.ActionHandler.handle(ActionHandler.java:90)
	at com.jfinal.plugin.druid.DruidStatViewHandler.handle(DruidStatViewHandler.java:81)
	at com.jfinal.core.JFinalFilter.doFilter(JFinalFilter.java:89)
	at io.undertow.servlet.core.ManagedFilter.doFilter(ManagedFilter.java:61)
	at io.undertow.servlet.handlers.FilterHandler$FilterChainImpl.doFilter(FilterHandler.java:131)
	at io.undertow.servlet.handlers.FilterHandler.handleRequest(FilterHandler.java:84)
	at io.undertow.servlet.handlers.security.ServletSecurityRoleHandler.handleRequest(ServletSecurityRoleHandler.java:62)
	at io.undertow.servlet.handlers.ServletChain$1.handleRequest(ServletChain.java:68)
	at io.undertow.servlet.handlers.ServletDispatchingHandler.handleRequest(ServletDispatchingHandler.java:36)
	at io.undertow.servlet.handlers.RedirectDirHandler.handleRequest(RedirectDirHandler.java:68)
	at io.undertow.servlet.handlers.security.SSLInformationAssociationHandler.handleRequest(SSLInformationAssociationHandler.java:132)
	at io.undertow.servlet.handlers.security.ServletAuthenticationCallHandler.handleRequest(ServletAuthenticationCallHandler.java:57)
	at io.undertow.server.handlers.PredicateHandler.handleRequest(PredicateHandler.java:43)
	at io.undertow.security.handlers.AbstractConfidentialityHandler.handleRequest(AbstractConfidentialityHandler.java:46)
	at io.undertow.servlet.handlers.security.ServletConfidentialityConstraintHandler.handleRequest(ServletConfidentialityConstraintHandler.java:64)
	at io.undertow.security.handlers.AuthenticationMechanismsHandler.handleRequest(AuthenticationMechanismsHandler.java:60)
	at io.undertow.servlet.handlers.security.CachedAuthenticatedSessionHandler.handleRequest(CachedAuthenticatedSessionHandler.java:77)
	at io.undertow.security.handlers.AbstractSecurityContextAssociationHandler.handleRequest(AbstractSecurityContextAssociationHandler.java:43)
	at io.undertow.server.handlers.PredicateHandler.handleRequest(PredicateHandler.java:43)
	at io.undertow.server.handlers.PredicateHandler.handleRequest(PredicateHandler.java:43)
	at io.undertow.servlet.handlers.SessionRestoringHandler.handleRequest(SessionRestoringHandler.java:119)
	at io.undertow.servlet.handlers.ServletInitialHandler.handleFirstRequest(ServletInitialHandler.java:269)
	at io.undertow.servlet.handlers.ServletInitialHandler.access$100(ServletInitialHandler.java:78)
	at io.undertow.servlet.handlers.ServletInitialHandler$2.call(ServletInitialHandler.java:133)
	at io.undertow.servlet.handlers.ServletInitialHandler$2.call(ServletInitialHandler.java:130)
	at io.undertow.servlet.core.ServletRequestContextThreadSetupAction$1.call(ServletRequestContextThreadSetupAction.java:48)
	at io.undertow.servlet.core.ContextClassLoaderSetupAction$1.call(ContextClassLoaderSetupAction.java:43)
	at io.undertow.servlet.handlers.ServletInitialHandler.dispatchRequest(ServletInitialHandler.java:249)
	at io.undertow.servlet.handlers.ServletInitialHandler.access$000(ServletInitialHandler.java:78)
	at io.undertow.servlet.handlers.ServletInitialHandler$1.handleRequest(ServletInitialHandler.java:99)
	at io.undertow.server.Connectors.executeRootHandler(Connectors.java:376)
	at io.undertow.server.HttpServerExchange$1.run(HttpServerExchange.java:830)
	at java.util.concurrent.ThreadPoolExecutor.runWorker(ThreadPoolExecutor.java:1142)
	at java.util.concurrent.ThreadPoolExecutor$Worker.run(ThreadPoolExecutor.java:617)
	at java.lang.Thread.run(Thread.java:745)
Caused by: redis.clients.jedis.exceptions.JedisConnectionException: java.net.ConnectException: Connection refused: connect
	at redis.clients.jedis.Connection.connect(Connection.java:207)
	at redis.clients.jedis.BinaryClient.connect(BinaryClient.java:93)
	at redis.clients.jedis.BinaryJedis.connect(BinaryJedis.java:1767)
	at redis.clients.jedis.JedisFactory.makeObject(JedisFactory.java:106)
	at org.apache.commons.pool2.impl.GenericObjectPool.create(GenericObjectPool.java:868)
	at org.apache.commons.pool2.impl.GenericObjectPool.borrowObject(GenericObjectPool.java:435)
	at org.apache.commons.pool2.impl.GenericObjectPool.borrowObject(GenericObjectPool.java:363)
	at redis.clients.util.Pool.getResource(Pool.java:49)
	... 40 more
Caused by: java.net.ConnectException: Connection refused: connect
	at java.net.DualStackPlainSocketImpl.waitForConnect(Native Method)
	at java.net.DualStackPlainSocketImpl.socketConnect(DualStackPlainSocketImpl.java:85)
	at java.net.AbstractPlainSocketImpl.doConnect(AbstractPlainSocketImpl.java:350)
	at java.net.AbstractPlainSocketImpl.connectToAddress(AbstractPlainSocketImpl.java:206)
	at java.net.AbstractPlainSocketImpl.connect(AbstractPlainSocketImpl.java:188)
	at java.net.PlainSocketImpl.connect(PlainSocketImpl.java:172)
	at java.net.SocksSocketImpl.connect(SocksSocketImpl.java:392)
	at java.net.Socket.connect(Socket.java:589)
	at redis.clients.jedis.Connection.connect(Connection.java:184)
	... 47 more
2020-02-03 15:21:26,238 [ERROR][XNIO-1 task-102][ActionHandler.java:123] com.kakarote.crm9.erp.admin.controller.AdminLoginController.logout() : /logout
redis.clients.jedis.exceptions.JedisConnectionException: Could not get a resource from the pool
	at redis.clients.util.Pool.getResource(Pool.java:53)
	at redis.clients.jedis.JedisPool.getResource(JedisPool.java:226)
	at com.kakarote.crm9.common.config.redis.JedisImpl.getJedis(JedisImpl.java:1304)
	at com.kakarote.crm9.common.config.redis.JedisImpl.del(JedisImpl.java:79)
	at com.kakarote.crm9.erp.admin.controller.AdminLoginController.logout(AdminLoginController.java:105)
	at sun.reflect.NativeMethodAccessorImpl.invoke0(Native Method)
	at sun.reflect.NativeMethodAccessorImpl.invoke(NativeMethodAccessorImpl.java:62)
	at sun.reflect.DelegatingMethodAccessorImpl.invoke(DelegatingMethodAccessorImpl.java:43)
	at java.lang.reflect.Method.invoke(Method.java:498)
	at com.jfinal.aop.Invocation.invoke(Invocation.java:97)
	at com.jfinal.core.ActionHandler.handle(ActionHandler.java:90)
	at com.jfinal.plugin.druid.DruidStatViewHandler.handle(DruidStatViewHandler.java:81)
	at com.jfinal.core.JFinalFilter.doFilter(JFinalFilter.java:89)
	at io.undertow.servlet.core.ManagedFilter.doFilter(ManagedFilter.java:61)
	at io.undertow.servlet.handlers.FilterHandler$FilterChainImpl.doFilter(FilterHandler.java:131)
	at io.undertow.servlet.handlers.FilterHandler.handleRequest(FilterHandler.java:84)
	at io.undertow.servlet.handlers.security.ServletSecurityRoleHandler.handleRequest(ServletSecurityRoleHandler.java:62)
	at io.undertow.servlet.handlers.ServletChain$1.handleRequest(ServletChain.java:68)
	at io.undertow.servlet.handlers.ServletDispatchingHandler.handleRequest(ServletDispatchingHandler.java:36)
	at io.undertow.servlet.handlers.RedirectDirHandler.handleRequest(RedirectDirHandler.java:68)
	at io.undertow.servlet.handlers.security.SSLInformationAssociationHandler.handleRequest(SSLInformationAssociationHandler.java:132)
	at io.undertow.servlet.handlers.security.ServletAuthenticationCallHandler.handleRequest(ServletAuthenticationCallHandler.java:57)
	at io.undertow.server.handlers.PredicateHandler.handleRequest(PredicateHandler.java:43)
	at io.undertow.security.handlers.AbstractConfidentialityHandler.handleRequest(AbstractConfidentialityHandler.java:46)
	at io.undertow.servlet.handlers.security.ServletConfidentialityConstraintHandler.handleRequest(ServletConfidentialityConstraintHandler.java:64)
	at io.undertow.security.handlers.AuthenticationMechanismsHandler.handleRequest(AuthenticationMechanismsHandler.java:60)
	at io.undertow.servlet.handlers.security.CachedAuthenticatedSessionHandler.handleRequest(CachedAuthenticatedSessionHandler.java:77)
	at io.undertow.security.handlers.AbstractSecurityContextAssociationHandler.handleRequest(AbstractSecurityContextAssociationHandler.java:43)
	at io.undertow.server.handlers.PredicateHandler.handleRequest(PredicateHandler.java:43)
	at io.undertow.server.handlers.PredicateHandler.handleRequest(PredicateHandler.java:43)
	at io.undertow.servlet.handlers.SessionRestoringHandler.handleRequest(SessionRestoringHandler.java:119)
	at io.undertow.servlet.handlers.ServletInitialHandler.handleFirstRequest(ServletInitialHandler.java:269)
	at io.undertow.servlet.handlers.ServletInitialHandler.access$100(ServletInitialHandler.java:78)
	at io.undertow.servlet.handlers.ServletInitialHandler$2.call(ServletInitialHandler.java:133)
	at io.undertow.servlet.handlers.ServletInitialHandler$2.call(ServletInitialHandler.java:130)
	at io.undertow.servlet.core.ServletRequestContextThreadSetupAction$1.call(ServletRequestContextThreadSetupAction.java:48)
	at io.undertow.servlet.core.ContextClassLoaderSetupAction$1.call(ContextClassLoaderSetupAction.java:43)
	at io.undertow.servlet.handlers.ServletInitialHandler.dispatchRequest(ServletInitialHandler.java:249)
	at io.undertow.servlet.handlers.ServletInitialHandler.access$000(ServletInitialHandler.java:78)
	at io.undertow.servlet.handlers.ServletInitialHandler$1.handleRequest(ServletInitialHandler.java:99)
	at io.undertow.server.Connectors.executeRootHandler(Connectors.java:376)
	at io.undertow.server.HttpServerExchange$1.run(HttpServerExchange.java:830)
	at java.util.concurrent.ThreadPoolExecutor.runWorker(ThreadPoolExecutor.java:1142)
	at java.util.concurrent.ThreadPoolExecutor$Worker.run(ThreadPoolExecutor.java:617)
	at java.lang.Thread.run(Thread.java:745)
Caused by: redis.clients.jedis.exceptions.JedisConnectionException: java.net.ConnectException: Connection refused: connect
	at redis.clients.jedis.Connection.connect(Connection.java:207)
	at redis.clients.jedis.BinaryClient.connect(BinaryClient.java:93)
	at redis.clients.jedis.BinaryJedis.connect(BinaryJedis.java:1767)
	at redis.clients.jedis.JedisFactory.makeObject(JedisFactory.java:106)
	at org.apache.commons.pool2.impl.GenericObjectPool.create(GenericObjectPool.java:868)
	at org.apache.commons.pool2.impl.GenericObjectPool.borrowObject(GenericObjectPool.java:435)
	at org.apache.commons.pool2.impl.GenericObjectPool.borrowObject(GenericObjectPool.java:363)
	at redis.clients.util.Pool.getResource(Pool.java:49)
	... 44 more
Caused by: java.net.ConnectException: Connection refused: connect
	at java.net.DualStackPlainSocketImpl.waitForConnect(Native Method)
	at java.net.DualStackPlainSocketImpl.socketConnect(DualStackPlainSocketImpl.java:85)
	at java.net.AbstractPlainSocketImpl.doConnect(AbstractPlainSocketImpl.java:350)
	at java.net.AbstractPlainSocketImpl.connectToAddress(AbstractPlainSocketImpl.java:206)
	at java.net.AbstractPlainSocketImpl.connect(AbstractPlainSocketImpl.java:188)
	at java.net.PlainSocketImpl.connect(PlainSocketImpl.java:172)
	at java.net.SocksSocketImpl.connect(SocksSocketImpl.java:392)
	at java.net.Socket.connect(Socket.java:589)
	at redis.clients.jedis.Connection.connect(Connection.java:184)
	... 51 more
2020-02-03 15:25:27,731 [INFO][Thread-6][DruidDataSource.java:1534] {dataSource-1} closed
2020-03-03 09:56:12,924 [INFO][main][DruidDataSource.java:785] {dataSource-1} inited
2020-03-03 09:56:17,864 [INFO][main][Xnio.java:104] XNIO version 3.3.8.Final
2020-03-03 09:56:17,886 [INFO][main][NioXnio.java:55] XNIO NIO Implementation Version 3.3.8.Final
2020-03-03 09:57:02,396 [ERROR][XNIO-1 task-14][ActionHandler.java:123] com.kakarote.crm9.erp.admin.controller.AdminLoginController.login(java.lang.String, java.lang.String) : /login
redis.clients.jedis.exceptions.JedisConnectionException: Could not get a resource from the pool
	at redis.clients.util.Pool.getResource(Pool.java:53)
	at redis.clients.jedis.JedisPool.getResource(JedisPool.java:226)
	at com.kakarote.crm9.common.config.redis.JedisImpl.getJedis(JedisImpl.java:1304)
	at com.kakarote.crm9.common.config.redis.JedisImpl.exists(JedisImpl.java:241)
	at com.kakarote.crm9.erp.admin.controller.AdminLoginController.login(AdminLoginController.java:54)
	at sun.reflect.NativeMethodAccessorImpl.invoke0(Native Method)
	at sun.reflect.NativeMethodAccessorImpl.invoke(NativeMethodAccessorImpl.java:62)
	at sun.reflect.DelegatingMethodAccessorImpl.invoke(DelegatingMethodAccessorImpl.java:43)
	at java.lang.reflect.Method.invoke(Method.java:498)
	at com.jfinal.aop.Invocation.invoke(Invocation.java:97)
	at com.jfinal.core.ActionHandler.handle(ActionHandler.java:90)
	at com.jfinal.plugin.druid.DruidStatViewHandler.handle(DruidStatViewHandler.java:81)
	at com.jfinal.core.JFinalFilter.doFilter(JFinalFilter.java:89)
	at io.undertow.servlet.core.ManagedFilter.doFilter(ManagedFilter.java:61)
	at io.undertow.servlet.handlers.FilterHandler$FilterChainImpl.doFilter(FilterHandler.java:131)
	at io.undertow.servlet.handlers.FilterHandler.handleRequest(FilterHandler.java:84)
	at io.undertow.servlet.handlers.security.ServletSecurityRoleHandler.handleRequest(ServletSecurityRoleHandler.java:62)
	at io.undertow.servlet.handlers.ServletChain$1.handleRequest(ServletChain.java:68)
	at io.undertow.servlet.handlers.ServletDispatchingHandler.handleRequest(ServletDispatchingHandler.java:36)
	at io.undertow.servlet.handlers.RedirectDirHandler.handleRequest(RedirectDirHandler.java:68)
	at io.undertow.servlet.handlers.security.SSLInformationAssociationHandler.handleRequest(SSLInformationAssociationHandler.java:132)
	at io.undertow.servlet.handlers.security.ServletAuthenticationCallHandler.handleRequest(ServletAuthenticationCallHandler.java:57)
	at io.undertow.server.handlers.PredicateHandler.handleRequest(PredicateHandler.java:43)
	at io.undertow.security.handlers.AbstractConfidentialityHandler.handleRequest(AbstractConfidentialityHandler.java:46)
	at io.undertow.servlet.handlers.security.ServletConfidentialityConstraintHandler.handleRequest(ServletConfidentialityConstraintHandler.java:64)
	at io.undertow.security.handlers.AuthenticationMechanismsHandler.handleRequest(AuthenticationMechanismsHandler.java:60)
	at io.undertow.servlet.handlers.security.CachedAuthenticatedSessionHandler.handleRequest(CachedAuthenticatedSessionHandler.java:77)
	at io.undertow.security.handlers.AbstractSecurityContextAssociationHandler.handleRequest(AbstractSecurityContextAssociationHandler.java:43)
	at io.undertow.server.handlers.PredicateHandler.handleRequest(PredicateHandler.java:43)
	at io.undertow.server.handlers.PredicateHandler.handleRequest(PredicateHandler.java:43)
	at io.undertow.servlet.handlers.SessionRestoringHandler.handleRequest(SessionRestoringHandler.java:119)
	at io.undertow.servlet.handlers.ServletInitialHandler.handleFirstRequest(ServletInitialHandler.java:269)
	at io.undertow.servlet.handlers.ServletInitialHandler.access$100(ServletInitialHandler.java:78)
	at io.undertow.servlet.handlers.ServletInitialHandler$2.call(ServletInitialHandler.java:133)
	at io.undertow.servlet.handlers.ServletInitialHandler$2.call(ServletInitialHandler.java:130)
	at io.undertow.servlet.core.ServletRequestContextThreadSetupAction$1.call(ServletRequestContextThreadSetupAction.java:48)
	at io.undertow.servlet.core.ContextClassLoaderSetupAction$1.call(ContextClassLoaderSetupAction.java:43)
	at io.undertow.servlet.handlers.ServletInitialHandler.dispatchRequest(ServletInitialHandler.java:249)
	at io.undertow.servlet.handlers.ServletInitialHandler.access$000(ServletInitialHandler.java:78)
	at io.undertow.servlet.handlers.ServletInitialHandler$1.handleRequest(ServletInitialHandler.java:99)
	at io.undertow.server.Connectors.executeRootHandler(Connectors.java:376)
	at io.undertow.server.HttpServerExchange$1.run(HttpServerExchange.java:830)
	at java.util.concurrent.ThreadPoolExecutor.runWorker(ThreadPoolExecutor.java:1142)
	at java.util.concurrent.ThreadPoolExecutor$Worker.run(ThreadPoolExecutor.java:617)
	at java.lang.Thread.run(Thread.java:745)
Caused by: redis.clients.jedis.exceptions.JedisConnectionException: java.net.ConnectException: Connection refused: connect
	at redis.clients.jedis.Connection.connect(Connection.java:207)
	at redis.clients.jedis.BinaryClient.connect(BinaryClient.java:93)
	at redis.clients.jedis.BinaryJedis.connect(BinaryJedis.java:1767)
	at redis.clients.jedis.JedisFactory.makeObject(JedisFactory.java:106)
	at org.apache.commons.pool2.impl.GenericObjectPool.create(GenericObjectPool.java:868)
	at org.apache.commons.pool2.impl.GenericObjectPool.borrowObject(GenericObjectPool.java:435)
	at org.apache.commons.pool2.impl.GenericObjectPool.borrowObject(GenericObjectPool.java:363)
	at redis.clients.util.Pool.getResource(Pool.java:49)
	... 44 more
Caused by: java.net.ConnectException: Connection refused: connect
	at java.net.DualStackPlainSocketImpl.waitForConnect(Native Method)
	at java.net.DualStackPlainSocketImpl.socketConnect(DualStackPlainSocketImpl.java:85)
	at java.net.AbstractPlainSocketImpl.doConnect(AbstractPlainSocketImpl.java:350)
	at java.net.AbstractPlainSocketImpl.connectToAddress(AbstractPlainSocketImpl.java:206)
	at java.net.AbstractPlainSocketImpl.connect(AbstractPlainSocketImpl.java:188)
	at java.net.PlainSocketImpl.connect(PlainSocketImpl.java:172)
	at java.net.SocksSocketImpl.connect(SocksSocketImpl.java:392)
	at java.net.Socket.connect(Socket.java:589)
	at redis.clients.jedis.Connection.connect(Connection.java:184)
	... 51 more
2020-03-03 11:31:13,479 [INFO][Thread-6][DruidDataSource.java:1534] {dataSource-1} closed
2020-03-17 09:18:09,992 [INFO][main][DruidDataSource.java:785] {dataSource-1} inited
2020-03-17 09:18:13,900 [INFO][main][Xnio.java:104] XNIO version 3.3.8.Final
2020-03-17 09:18:13,926 [INFO][main][NioXnio.java:55] XNIO NIO Implementation Version 3.3.8.Final
2020-03-17 10:06:20,317 [WARN][XNIO-1 task-106][AdminLoginController.java:93] 用户登录失败
2020-03-17 10:16:09,022 [INFO][Thread-6][DruidDataSource.java:1534] {dataSource-1} closed
2020-03-17 10:19:36,569 [INFO][main][DruidDataSource.java:785] {dataSource-1} inited
2020-03-17 10:19:42,131 [INFO][main][Xnio.java:104] XNIO version 3.3.8.Final
2020-03-17 10:19:42,204 [INFO][main][NioXnio.java:55] XNIO NIO Implementation Version 3.3.8.Final
2020-03-17 12:55:44,113 [INFO][Thread-6][DruidDataSource.java:1534] {dataSource-1} closed
2020-03-18 10:58:36,632 [INFO][main][DruidDataSource.java:785] {dataSource-1} inited
2020-03-18 10:58:41,258 [INFO][main][Xnio.java:104] XNIO version 3.3.8.Final
2020-03-18 10:58:41,293 [INFO][main][NioXnio.java:55] XNIO NIO Implementation Version 3.3.8.Final
2020-03-18 11:02:57,623 [INFO][Thread-6][DruidDataSource.java:1534] {dataSource-1} closed
2020-03-18 11:11:19,795 [INFO][main][DruidDataSource.java:785] {dataSource-1} inited
2020-03-18 11:11:23,846 [INFO][main][Xnio.java:104] XNIO version 3.3.8.Final
2020-03-18 11:11:23,870 [INFO][main][NioXnio.java:55] XNIO NIO Implementation Version 3.3.8.Final
2020-03-18 11:17:29,060 [INFO][Thread-6][DruidDataSource.java:1534] {dataSource-1} closed
2020-03-19 13:04:23,750 [INFO][main][DruidDataSource.java:785] {dataSource-1} inited
2020-03-19 13:04:27,565 [INFO][main][Xnio.java:104] XNIO version 3.3.8.Final
2020-03-19 13:04:27,589 [INFO][main][NioXnio.java:55] XNIO NIO Implementation Version 3.3.8.Final
2020-03-19 13:36:56,518 [INFO][Thread-6][DruidDataSource.java:1534] {dataSource-1} closed
